yarn run v1.22.22
$ storybook build --output-dir /var/folders/vv/0zrxnbh55xg5_9sgj2ytgjf40000gn/T/chromatic--36094-x4RwxwSwmdJG
@storybook/cli v7.6.17

info => Cleaning outputDir: /var/folders/vv/0zrxnbh55xg5_9sgj2ytgjf40000gn/T/chromatic--36094-x4RwxwSwmdJG
info => Loading presets
info => Building manager..
info => Manager built (90 ms)
info => Building preview..
info => Copying static files: /Users/anjuni/storybook/node_modules/@storybook/manager/static at /var/folders/vv/0zrxnbh55xg5_9sgj2ytgjf40000gn/T/chromatic--36094-x4RwxwSwmdJG/sb-common-assets
vite v4.5.1 building for production...
transforming...
✓ 593 modules transformed.
rendering chunks...
computing gzip size...
../../../var/folders/vv/0zrxnbh55xg5_9sgj2ytgjf40000gn/T/chromatic--36094-x4RwxwSwmdJG/assets/youtube-9f26eb0b.svg                      0.72 kB │ gzip:   0.35 kB
../../../var/folders/vv/0zrxnbh55xg5_9sgj2ytgjf40000gn/T/chromatic--36094-x4RwxwSwmdJG/assets/tutorials-adff6365.svg                    1.27 kB │ gzip:   0.62 kB
../../../var/folders/vv/0zrxnbh55xg5_9sgj2ytgjf40000gn/T/chromatic--36094-x4RwxwSwmdJG/assets/direction-94a9917f.svg                    1.28 kB │ gzip:   0.70 kB
../../../var/folders/vv/0zrxnbh55xg5_9sgj2ytgjf40000gn/T/chromatic--36094-x4RwxwSwmdJG/assets/flow-275142c6.svg                         1.39 kB │ gzip:   0.68 kB
../../../var/folders/vv/0zrxnbh55xg5_9sgj2ytgjf40000gn/T/chromatic--36094-x4RwxwSwmdJG/assets/code-brackets-9ef6443e.svg                1.46 kB │ gzip:   0.70 kB
../../../var/folders/vv/0zrxnbh55xg5_9sgj2ytgjf40000gn/T/chromatic--36094-x4RwxwSwmdJG/assets/comments-f15a6837.svg                     1.53 kB │ gzip:   0.70 kB
../../../var/folders/vv/0zrxnbh55xg5_9sgj2ytgjf40000gn/T/chromatic--36094-x4RwxwSwmdJG/assets/repo-fb4ece47.svg                         1.64 kB │ gzip:   0.82 kB
../../../var/folders/vv/0zrxnbh55xg5_9sgj2ytgjf40000gn/T/chromatic--36094-x4RwxwSwmdJG/assets/plugin-57148314.svg                       2.17 kB │ gzip:   0.96 kB
../../../var/folders/vv/0zrxnbh55xg5_9sgj2ytgjf40000gn/T/chromatic--36094-x4RwxwSwmdJG/assets/discord-f7d1b78c.svg                      2.41 kB │ gzip:   1.12 kB
../../../var/folders/vv/0zrxnbh55xg5_9sgj2ytgjf40000gn/T/chromatic--36094-x4RwxwSwmdJG/assets/stackalt-2ad81543.svg                     2.55 kB │ gzip:   1.06 kB
../../../var/folders/vv/0zrxnbh55xg5_9sgj2ytgjf40000gn/T/chromatic--36094-x4RwxwSwmdJG/assets/github-cdfc3270.svg                       2.72 kB │ gzip:   1.22 kB
../../../var/folders/vv/0zrxnbh55xg5_9sgj2ytgjf40000gn/T/chromatic--36094-x4RwxwSwmdJG/assets/context-c612d889.png                      6.12 kB
../../../var/folders/vv/0zrxnbh55xg5_9sgj2ytgjf40000gn/T/chromatic--36094-x4RwxwSwmdJG/assets/styling-c83082e0.png                      7.24 kB
../../../var/folders/vv/0zrxnbh55xg5_9sgj2ytgjf40000gn/T/chromatic--36094-x4RwxwSwmdJG/assets/colors-ac9401f3.svg                       8.51 kB │ gzip:   3.42 kB
../../../var/folders/vv/0zrxnbh55xg5_9sgj2ytgjf40000gn/T/chromatic--36094-x4RwxwSwmdJG/iframe.html                                     12.76 kB │ gzip:   3.60 kB
../../../var/folders/vv/0zrxnbh55xg5_9sgj2ytgjf40000gn/T/chromatic--36094-x4RwxwSwmdJG/assets/docs-5b0c7100.png                        27.88 kB
../../../var/folders/vv/0zrxnbh55xg5_9sgj2ytgjf40000gn/T/chromatic--36094-x4RwxwSwmdJG/assets/share-b59d6c77.png                       40.77 kB
../../../var/folders/vv/0zrxnbh55xg5_9sgj2ytgjf40000gn/T/chromatic--36094-x4RwxwSwmdJG/assets/accessibility-cd6d60f7.png               42.34 kB
../../../var/folders/vv/0zrxnbh55xg5_9sgj2ytgjf40000gn/T/chromatic--36094-x4RwxwSwmdJG/assets/figma-plugin-b0a5ad2d.png                44.25 kB
../../../var/folders/vv/0zrxnbh55xg5_9sgj2ytgjf40000gn/T/chromatic--36094-x4RwxwSwmdJG/assets/theming-b6e819c3.png                     44.37 kB
../../../var/folders/vv/0zrxnbh55xg5_9sgj2ytgjf40000gn/T/chromatic--36094-x4RwxwSwmdJG/assets/testing-6a59f681.png                     49.31 kB
../../../var/folders/vv/0zrxnbh55xg5_9sgj2ytgjf40000gn/T/chromatic--36094-x4RwxwSwmdJG/assets/addon-library-bc7ba705.png              467.37 kB
../../../var/folders/vv/0zrxnbh55xg5_9sgj2ytgjf40000gn/T/chromatic--36094-x4RwxwSwmdJG/assets/Header-a6911580.css                       0.51 kB │ gzip:   0.30 kB
../../../var/folders/vv/0zrxnbh55xg5_9sgj2ytgjf40000gn/T/chromatic--36094-x4RwxwSwmdJG/assets/Button-bc1a867b.css                       0.52 kB │ gzip:   0.29 kB
../../../var/folders/vv/0zrxnbh55xg5_9sgj2ytgjf40000gn/T/chromatic--36094-x4RwxwSwmdJG/assets/Page.stories-ece1482a.css                 0.93 kB │ gzip:   0.40 kB
../../../var/folders/vv/0zrxnbh55xg5_9sgj2ytgjf40000gn/T/chromatic--36094-x4RwxwSwmdJG/assets/preview-1e5c59db.js                       0.15 kB │ gzip:   0.15 kB
../../../var/folders/vv/0zrxnbh55xg5_9sgj2ytgjf40000gn/T/chromatic--36094-x4RwxwSwmdJG/assets/index-9eea8125.js                         0.21 kB │ gzip:   0.17 kB
../../../var/folders/vv/0zrxnbh55xg5_9sgj2ytgjf40000gn/T/chromatic--36094-x4RwxwSwmdJG/assets/WithTooltip-V3YHNWJZ-a49d44cc.js          0.36 kB │ gzip:   0.21 kB
../../../var/folders/vv/0zrxnbh55xg5_9sgj2ytgjf40000gn/T/chromatic--36094-x4RwxwSwmdJG/assets/syntaxhighlighter-V7JZZA35-3daf585b.js    0.38 kB │ gzip:   0.23 kB
../../../var/folders/vv/0zrxnbh55xg5_9sgj2ytgjf40000gn/T/chromatic--36094-x4RwxwSwmdJG/assets/index-a1cf9e47.js                         0.49 kB │ gzip:   0.31 kB
../../../var/folders/vv/0zrxnbh55xg5_9sgj2ytgjf40000gn/T/chromatic--36094-x4RwxwSwmdJG/assets/preview-21fd5a0a.js                       0.50 kB │ gzip:   0.30 kB
../../../var/folders/vv/0zrxnbh55xg5_9sgj2ytgjf40000gn/T/chromatic--36094-x4RwxwSwmdJG/assets/react-18-988a5df2.js                      0.55 kB │ gzip:   0.34 kB
../../../var/folders/vv/0zrxnbh55xg5_9sgj2ytgjf40000gn/T/chromatic--36094-x4RwxwSwmdJG/assets/preview-73104b77.js                       0.64 kB │ gzip:   0.45 kB
../../../var/folders/vv/0zrxnbh55xg5_9sgj2ytgjf40000gn/T/chromatic--36094-x4RwxwSwmdJG/assets/_commonjsHelpers-de833af9.js              0.69 kB │ gzip:   0.38 kB
../../../var/folders/vv/0zrxnbh55xg5_9sgj2ytgjf40000gn/T/chromatic--36094-x4RwxwSwmdJG/assets/index-356e4a49.js                         0.77 kB │ gzip:   0.47 kB
../../../var/folders/vv/0zrxnbh55xg5_9sgj2ytgjf40000gn/T/chromatic--36094-x4RwxwSwmdJG/assets/index-8d47fad6.js                         0.80 kB │ gzip:   0.52 kB
../../../var/folders/vv/0zrxnbh55xg5_9sgj2ytgjf40000gn/T/chromatic--36094-x4RwxwSwmdJG/assets/preview-0ef86afd.js                       0.86 kB │ gzip:   0.55 kB
../../../var/folders/vv/0zrxnbh55xg5_9sgj2ytgjf40000gn/T/chromatic--36094-x4RwxwSwmdJG/assets/Header.stories-24b3917f.js                0.87 kB │ gzip:   0.45 kB
../../../var/folders/vv/0zrxnbh55xg5_9sgj2ytgjf40000gn/T/chromatic--36094-x4RwxwSwmdJG/assets/jsx-runtime-29545a09.js                   0.97 kB │ gzip:   0.60 kB
../../../var/folders/vv/0zrxnbh55xg5_9sgj2ytgjf40000gn/T/chromatic--36094-x4RwxwSwmdJG/assets/entry-preview-1f5c28fc.js                 1.15 kB │ gzip:   0.67 kB
../../../var/folders/vv/0zrxnbh55xg5_9sgj2ytgjf40000gn/T/chromatic--36094-x4RwxwSwmdJG/assets/DocsRenderer-NNNQARDV-265b013a.js         1.25 kB │ gzip:   0.66 kB
../../../var/folders/vv/0zrxnbh55xg5_9sgj2ytgjf40000gn/T/chromatic--36094-x4RwxwSwmdJG/assets/Button-32da8f92.js                        1.44 kB │ gzip:   0.66 kB
../../../var/folders/vv/0zrxnbh55xg5_9sgj2ytgjf40000gn/T/chromatic--36094-x4RwxwSwmdJG/assets/Button.stories-97b123de.js                1.52 kB │ gzip:   0.58 kB
../../../var/folders/vv/0zrxnbh55xg5_9sgj2ytgjf40000gn/T/chromatic--36094-x4RwxwSwmdJG/assets/Header-ad095763.js                        1.66 kB │ gzip:   0.81 kB
../../../var/folders/vv/0zrxnbh55xg5_9sgj2ytgjf40000gn/T/chromatic--36094-x4RwxwSwmdJG/assets/index-11d98b33.js                         2.59 kB │ gzip:   1.26 kB
../../../var/folders/vv/0zrxnbh55xg5_9sgj2ytgjf40000gn/T/chromatic--36094-x4RwxwSwmdJG/assets/preview-30b54f76.js                       3.21 kB │ gzip:   1.37 kB
../../../var/folders/vv/0zrxnbh55xg5_9sgj2ytgjf40000gn/T/chromatic--36094-x4RwxwSwmdJG/assets/preview-d01b88e8.js                       5.23 kB │ gzip:   2.41 kB
../../../var/folders/vv/0zrxnbh55xg5_9sgj2ytgjf40000gn/T/chromatic--36094-x4RwxwSwmdJG/assets/iframe-1254df55.js                        5.29 kB │ gzip:   1.73 kB
../../../var/folders/vv/0zrxnbh55xg5_9sgj2ytgjf40000gn/T/chromatic--36094-x4RwxwSwmdJG/assets/Introduction-eb986f47.js                  6.60 kB │ gzip:   2.17 kB
../../../var/folders/vv/0zrxnbh55xg5_9sgj2ytgjf40000gn/T/chromatic--36094-x4RwxwSwmdJG/assets/index-76fb7be0.js                         7.16 kB │ gzip:   2.91 kB
../../../var/folders/vv/0zrxnbh55xg5_9sgj2ytgjf40000gn/T/chromatic--36094-x4RwxwSwmdJG/assets/preview-da31036b.js                       7.62 kB │ gzip:   1.55 kB
../../../var/folders/vv/0zrxnbh55xg5_9sgj2ytgjf40000gn/T/chromatic--36094-x4RwxwSwmdJG/assets/preview-c56bf6ac.js                       8.28 kB │ gzip:   3.17 kB
../../../var/folders/vv/0zrxnbh55xg5_9sgj2ytgjf40000gn/T/chromatic--36094-x4RwxwSwmdJG/assets/Configure-0111b60f.js                    16.94 kB │ gzip:   7.69 kB
../../../var/folders/vv/0zrxnbh55xg5_9sgj2ytgjf40000gn/T/chromatic--36094-x4RwxwSwmdJG/assets/Color-6VNJS4EI-7437d6c8.js               30.98 kB │ gzip:  11.70 kB
../../../var/folders/vv/0zrxnbh55xg5_9sgj2ytgjf40000gn/T/chromatic--36094-x4RwxwSwmdJG/assets/preview-21802b0a.js                      72.07 kB │ gzip:  24.41 kB
../../../var/folders/vv/0zrxnbh55xg5_9sgj2ytgjf40000gn/T/chromatic--36094-x4RwxwSwmdJG/assets/index-8fd8397b.js                        78.40 kB │ gzip:  23.55 kB
../../../var/folders/vv/0zrxnbh55xg5_9sgj2ytgjf40000gn/T/chromatic--36094-x4RwxwSwmdJG/assets/index-d3ea75b5.js                       134.07 kB │ gzip:  43.21 kB
../../../var/folders/vv/0zrxnbh55xg5_9sgj2ytgjf40000gn/T/chromatic--36094-x4RwxwSwmdJG/assets/entry-preview-docs-b427957a.js          212.40 kB │ gzip:  66.48 kB
../../../var/folders/vv/0zrxnbh55xg5_9sgj2ytgjf40000gn/T/chromatic--36094-x4RwxwSwmdJG/assets/index-8de41d85.js                       536.40 kB │ gzip: 175.37 kB
../../../var/folders/vv/0zrxnbh55xg5_9sgj2ytgjf40000gn/T/chromatic--36094-x4RwxwSwmdJG/assets/Page.stories-bb8660ce.js                563.09 kB │ gzip: 149.74 kB
../../../var/folders/vv/0zrxnbh55xg5_9sgj2ytgjf40000gn/T/chromatic--36094-x4RwxwSwmdJG/assets/formatter-SWP5E3XI-e3dfdebf.js          601.56 kB │ gzip: 186.20 kB
✓ built in 3.04s
info => Preview built (3.34 s)
info => Output directory: /var/folders/vv/0zrxnbh55xg5_9sgj2ytgjf40000gn/T/chromatic--36094-x4RwxwSwmdJG
Done in 5.73s.
